Determining if the pthread_create exist failed with the following output:
Change Dir: /home/mg2015started/modifiedsiena/3-17/ClientReceiver/CMakeFiles/CMakeTmp

Run Build Command:"/usr/bin/make" "cmTC_d617c/fast"
/usr/bin/make -f CMakeFiles/cmTC_d617c.dir/build.make CMakeFiles/cmTC_d617c.dir/build
make[1]: Entering directory '/home/mg2015started/modifiedsiena/3-17/ClientReceiver/CMakeFiles/CMakeTmp'
Building C object CMakeFiles/cmTC_d617c.dir/CheckSymbolExists.c.o
/usr/bin/cc    -o CMakeFiles/cmTC_d617c.dir/CheckSymbolExists.c.o   -c /home/mg2015started/modifiedsiena/3-17/ClientReceiver/CMakeFiles/CMakeTmp/CheckSymbolExists.c
Linking C executable cmTC_d617c
/home/mg2015started/下载/clion-2017.2.3/bin/cmake/bin/cmake -E cmake_link_script CMakeFiles/cmTC_d617c.dir/link.txt --verbose=1
/usr/bin/cc      CMakeFiles/cmTC_d617c.dir/CheckSymbolExists.c.o  -o cmTC_d617c 
CMakeFiles/cmTC_d617c.dir/CheckSymbolExists.c.o：在函数‘main’中：
CheckSymbolExists.c:(.text+0x16)：对‘pthread_create’未定义的引用
collect2: error: ld returned 1 exit status
CMakeFiles/cmTC_d617c.dir/build.make:97: recipe for target 'cmTC_d617c' failed
make[1]: *** [cmTC_d617c] Error 1
make[1]: Leaving directory '/home/mg2015started/modifiedsiena/3-17/ClientReceiver/CMakeFiles/CMakeTmp'
Makefile:126: recipe for target 'cmTC_d617c/fast' failed
make: *** [cmTC_d617c/fast] Error 2

File /home/mg2015started/modifiedsiena/3-17/ClientReceiver/CMakeFiles/CMakeTmp/CheckSymbolExists.c:
/* */
#include <pthread.h>

int main(int argc, char** argv)
{
  (void)argv;
#ifndef pthread_create
  return ((int*)(&pthread_create))[argc];
#else
  (void)argc;
  return 0;
#endif
}

Determining if the function pthread_create exists in the pthreads failed with the following output:
Change Dir: /home/mg2015started/modifiedsiena/3-17/ClientReceiver/CMakeFiles/CMakeTmp

Run Build Command:"/usr/bin/make" "cmTC_73745/fast"
/usr/bin/make -f CMakeFiles/cmTC_73745.dir/build.make CMakeFiles/cmTC_73745.dir/build
make[1]: Entering directory '/home/mg2015started/modifiedsiena/3-17/ClientReceiver/CMakeFiles/CMakeTmp'
Building C object CMakeFiles/cmTC_73745.dir/CheckFunctionExists.c.o
/usr/bin/cc   -DCHECK_FUNCTION_EXISTS=pthread_create   -o CMakeFiles/cmTC_73745.dir/CheckFunctionExists.c.o   -c /home/mg2015started/下载/clion-2017.2.3/bin/cmake/share/cmake-3.8/Modules/CheckFunctionExists.c
Linking C executable cmTC_73745
/home/mg2015started/下载/clion-2017.2.3/bin/cmake/bin/cmake -E cmake_link_script CMakeFiles/cmTC_73745.dir/link.txt --verbose=1
/usr/bin/cc  -DCHECK_FUNCTION_EXISTS=pthread_create    CMakeFiles/cmTC_73745.dir/CheckFunctionExists.c.o  -o cmTC_73745 -lpthreads 
/usr/bin/ld: 找不到 -lpthreads
collect2: error: ld returned 1 exit status
CMakeFiles/cmTC_73745.dir/build.make:97: recipe for target 'cmTC_73745' failed
make[1]: *** [cmTC_73745] Error 1
make[1]: Leaving directory '/home/mg2015started/modifiedsiena/3-17/ClientReceiver/CMakeFiles/CMakeTmp'
Makefile:126: recipe for target 'cmTC_73745/fast' failed
make: *** [cmTC_73745/fast] Error 2


Determining if the pthread_create exist failed with the following output:
Change Dir: /home/mg2015started/modifiedsiena/5-14/ClientReceiver/CMakeFiles/CMakeTmp

Run Build Command:"/usr/bin/make" "cmTC_0abd0/fast"
/usr/bin/make -f CMakeFiles/cmTC_0abd0.dir/build.make CMakeFiles/cmTC_0abd0.dir/build
make[1]: Entering directory '/home/mg2015started/modifiedsiena/5-14/ClientReceiver/CMakeFiles/CMakeTmp'
Building C object CMakeFiles/cmTC_0abd0.dir/CheckSymbolExists.c.o
/usr/bin/cc     -o CMakeFiles/cmTC_0abd0.dir/CheckSymbolExists.c.o   -c /home/mg2015started/modifiedsiena/5-14/ClientReceiver/CMakeFiles/CMakeTmp/CheckSymbolExists.c
Linking C executable cmTC_0abd0
/usr/bin/cmake -E cmake_link_script CMakeFiles/cmTC_0abd0.dir/link.txt --verbose=1
/usr/bin/cc       CMakeFiles/cmTC_0abd0.dir/CheckSymbolExists.c.o  -o cmTC_0abd0 
CMakeFiles/cmTC_0abd0.dir/CheckSymbolExists.c.o：在函数‘main’中：
CheckSymbolExists.c:(.text+0x16)：对‘pthread_create’未定义的引用
collect2: error: ld returned 1 exit status
CMakeFiles/cmTC_0abd0.dir/build.make:97: recipe for target 'cmTC_0abd0' failed
make[1]: *** [cmTC_0abd0] Error 1
make[1]: Leaving directory '/home/mg2015started/modifiedsiena/5-14/ClientReceiver/CMakeFiles/CMakeTmp'
Makefile:126: recipe for target 'cmTC_0abd0/fast' failed
make: *** [cmTC_0abd0/fast] Error 2

File /home/mg2015started/modifiedsiena/5-14/ClientReceiver/CMakeFiles/CMakeTmp/CheckSymbolExists.c:
/* */
#include <pthread.h>

int main(int argc, char** argv)
{
  (void)argv;
#ifndef pthread_create
  return ((int*)(&pthread_create))[argc];
#else
  (void)argc;
  return 0;
#endif
}

Determining if the function pthread_create exists in the pthreads failed with the following output:
Change Dir: /home/mg2015started/modifiedsiena/5-14/ClientReceiver/CMakeFiles/CMakeTmp

Run Build Command:"/usr/bin/make" "cmTC_b6c65/fast"
/usr/bin/make -f CMakeFiles/cmTC_b6c65.dir/build.make CMakeFiles/cmTC_b6c65.dir/build
make[1]: Entering directory '/home/mg2015started/modifiedsiena/5-14/ClientReceiver/CMakeFiles/CMakeTmp'
Building C object CMakeFiles/cmTC_b6c65.dir/CheckFunctionExists.c.o
/usr/bin/cc    -DCHECK_FUNCTION_EXISTS=pthread_create   -o CMakeFiles/cmTC_b6c65.dir/CheckFunctionExists.c.o   -c /usr/share/cmake-3.5/Modules/CheckFunctionExists.c
Linking C executable cmTC_b6c65
/usr/bin/cmake -E cmake_link_script CMakeFiles/cmTC_b6c65.dir/link.txt --verbose=1
/usr/bin/cc   -DCHECK_FUNCTION_EXISTS=pthread_create    CMakeFiles/cmTC_b6c65.dir/CheckFunctionExists.c.o  -o cmTC_b6c65 -lpthreads 
/usr/bin/ld: 找不到 -lpthreads
collect2: error: ld returned 1 exit status
CMakeFiles/cmTC_b6c65.dir/build.make:97: recipe for target 'cmTC_b6c65' failed
make[1]: *** [cmTC_b6c65] Error 1
make[1]: Leaving directory '/home/mg2015started/modifiedsiena/5-14/ClientReceiver/CMakeFiles/CMakeTmp'
Makefile:126: recipe for target 'cmTC_b6c65/fast' failed
make: *** [cmTC_b6c65/fast] Error 2


