Determining if the pthread_create exist failed with the following output:
Change Dir: /home/mg2015started/modifiedsiena/3-17/Siena/CMakeFiles/CMakeTmp

Run Build Command:"/usr/bin/make" "cmTC_c9499/fast"
/usr/bin/make -f CMakeFiles/cmTC_c9499.dir/build.make CMakeFiles/cmTC_c9499.dir/build
make[1]: Entering directory '/home/mg2015started/modifiedsiena/3-17/Siena/CMakeFiles/CMakeTmp'
Building C object CMakeFiles/cmTC_c9499.dir/CheckSymbolExists.c.o
/usr/bin/cc    -o CMakeFiles/cmTC_c9499.dir/CheckSymbolExists.c.o   -c /home/mg2015started/modifiedsiena/3-17/Siena/CMakeFiles/CMakeTmp/CheckSymbolExists.c
Linking C executable cmTC_c9499
/home/mg2015started/下载/clion-2017.2.3/bin/cmake/bin/cmake -E cmake_link_script CMakeFiles/cmTC_c9499.dir/link.txt --verbose=1
/usr/bin/cc      CMakeFiles/cmTC_c9499.dir/CheckSymbolExists.c.o  -o cmTC_c9499 
CMakeFiles/cmTC_c9499.dir/CheckSymbolExists.c.o：在函数‘main’中：
CheckSymbolExists.c:(.text+0x16)：对‘pthread_create’未定义的引用
collect2: error: ld returned 1 exit status
CMakeFiles/cmTC_c9499.dir/build.make:97: recipe for target 'cmTC_c9499' failed
make[1]: *** [cmTC_c9499] Error 1
make[1]: Leaving directory '/home/mg2015started/modifiedsiena/3-17/Siena/CMakeFiles/CMakeTmp'
Makefile:126: recipe for target 'cmTC_c9499/fast' failed
make: *** [cmTC_c9499/fast] Error 2

File /home/mg2015started/modifiedsiena/3-17/Siena/CMakeFiles/CMakeTmp/CheckSymbolExists.c:
/* */
#include <pthread.h>

int main(int argc, char** argv)
{
  (void)argv;
#ifndef pthread_create
  return ((int*)(&pthread_create))[argc];
#else
  (void)argc;
  return 0;
#endif
}

Determining if the function pthread_create exists in the pthreads failed with the following output:
Change Dir: /home/mg2015started/modifiedsiena/3-17/Siena/CMakeFiles/CMakeTmp

Run Build Command:"/usr/bin/make" "cmTC_2c4de/fast"
/usr/bin/make -f CMakeFiles/cmTC_2c4de.dir/build.make CMakeFiles/cmTC_2c4de.dir/build
make[1]: Entering directory '/home/mg2015started/modifiedsiena/3-17/Siena/CMakeFiles/CMakeTmp'
Building C object CMakeFiles/cmTC_2c4de.dir/CheckFunctionExists.c.o
/usr/bin/cc   -DCHECK_FUNCTION_EXISTS=pthread_create   -o CMakeFiles/cmTC_2c4de.dir/CheckFunctionExists.c.o   -c /home/mg2015started/下载/clion-2017.2.3/bin/cmake/share/cmake-3.8/Modules/CheckFunctionExists.c
Linking C executable cmTC_2c4de
/home/mg2015started/下载/clion-2017.2.3/bin/cmake/bin/cmake -E cmake_link_script CMakeFiles/cmTC_2c4de.dir/link.txt --verbose=1
/usr/bin/cc  -DCHECK_FUNCTION_EXISTS=pthread_create    CMakeFiles/cmTC_2c4de.dir/CheckFunctionExists.c.o  -o cmTC_2c4de -lpthreads 
/usr/bin/ld: 找不到 -lpthreads
collect2: error: ld returned 1 exit status
CMakeFiles/cmTC_2c4de.dir/build.make:97: recipe for target 'cmTC_2c4de' failed
make[1]: *** [cmTC_2c4de] Error 1
make[1]: Leaving directory '/home/mg2015started/modifiedsiena/3-17/Siena/CMakeFiles/CMakeTmp'
Makefile:126: recipe for target 'cmTC_2c4de/fast' failed
make: *** [cmTC_2c4de/fast] Error 2


Determining if the pthread_create exist failed with the following output:
Change Dir: /home/mg2015started/modifiedsiena/5-14/Siena/CMakeFiles/CMakeTmp

Run Build Command:"/usr/bin/make" "cmTC_ede3c/fast"
make[1]: Entering directory '/home/mg2015started/modifiedsiena/5-14/Siena/CMakeFiles/CMakeTmp'
/usr/bin/make -f CMakeFiles/cmTC_ede3c.dir/build.make CMakeFiles/cmTC_ede3c.dir/build
make[2]: Entering directory '/home/mg2015started/modifiedsiena/5-14/Siena/CMakeFiles/CMakeTmp'
Building C object CMakeFiles/cmTC_ede3c.dir/CheckSymbolExists.c.o
/usr/bin/cc    -o CMakeFiles/cmTC_ede3c.dir/CheckSymbolExists.c.o   -c /home/mg2015started/modifiedsiena/5-14/Siena/CMakeFiles/CMakeTmp/CheckSymbolExists.c
Linking C executable cmTC_ede3c
/home/mg2015started/下载/clion-2017.2.3/bin/cmake/bin/cmake -E cmake_link_script CMakeFiles/cmTC_ede3c.dir/link.txt --verbose=1
/usr/bin/cc      CMakeFiles/cmTC_ede3c.dir/CheckSymbolExists.c.o  -o cmTC_ede3c 
CMakeFiles/cmTC_ede3c.dir/CheckSymbolExists.c.o：在函数‘main’中：
CheckSymbolExists.c:(.text+0x16)：对‘pthread_create’未定义的引用
collect2: error: ld returned 1 exit status
CMakeFiles/cmTC_ede3c.dir/build.make:97: recipe for target 'cmTC_ede3c' failed
make[2]: *** [cmTC_ede3c] Error 1
make[2]: Leaving directory '/home/mg2015started/modifiedsiena/5-14/Siena/CMakeFiles/CMakeTmp'
Makefile:126: recipe for target 'cmTC_ede3c/fast' failed
make[1]: *** [cmTC_ede3c/fast] Error 2
make[1]: Leaving directory '/home/mg2015started/modifiedsiena/5-14/Siena/CMakeFiles/CMakeTmp'

File /home/mg2015started/modifiedsiena/5-14/Siena/CMakeFiles/CMakeTmp/CheckSymbolExists.c:
/* */
#include <pthread.h>

int main(int argc, char** argv)
{
  (void)argv;
#ifndef pthread_create
  return ((int*)(&pthread_create))[argc];
#else
  (void)argc;
  return 0;
#endif
}

Determining if the function pthread_create exists in the pthreads failed with the following output:
Change Dir: /home/mg2015started/modifiedsiena/5-14/Siena/CMakeFiles/CMakeTmp

Run Build Command:"/usr/bin/make" "cmTC_d47c0/fast"
make[1]: Entering directory '/home/mg2015started/modifiedsiena/5-14/Siena/CMakeFiles/CMakeTmp'
/usr/bin/make -f CMakeFiles/cmTC_d47c0.dir/build.make CMakeFiles/cmTC_d47c0.dir/build
make[2]: Entering directory '/home/mg2015started/modifiedsiena/5-14/Siena/CMakeFiles/CMakeTmp'
Building C object CMakeFiles/cmTC_d47c0.dir/CheckFunctionExists.c.o
/usr/bin/cc   -DCHECK_FUNCTION_EXISTS=pthread_create   -o CMakeFiles/cmTC_d47c0.dir/CheckFunctionExists.c.o   -c /home/mg2015started/下载/clion-2017.2.3/bin/cmake/share/cmake-3.8/Modules/CheckFunctionExists.c
Linking C executable cmTC_d47c0
/home/mg2015started/下载/clion-2017.2.3/bin/cmake/bin/cmake -E cmake_link_script CMakeFiles/cmTC_d47c0.dir/link.txt --verbose=1
/usr/bin/cc  -DCHECK_FUNCTION_EXISTS=pthread_create    CMakeFiles/cmTC_d47c0.dir/CheckFunctionExists.c.o  -o cmTC_d47c0 -lpthreads 
/usr/bin/ld: 找不到 -lpthreads
collect2: error: ld returned 1 exit status
CMakeFiles/cmTC_d47c0.dir/build.make:97: recipe for target 'cmTC_d47c0' failed
make[2]: *** [cmTC_d47c0] Error 1
make[2]: Leaving directory '/home/mg2015started/modifiedsiena/5-14/Siena/CMakeFiles/CMakeTmp'
Makefile:126: recipe for target 'cmTC_d47c0/fast' failed
make[1]: *** [cmTC_d47c0/fast] Error 2
make[1]: Leaving directory '/home/mg2015started/modifiedsiena/5-14/Siena/CMakeFiles/CMakeTmp'


Determining if the pthread_create exist failed with the following output:
Change Dir: /home/mwc/Documents/Code/MatchingAlgorithm/pub_sub_system/Siena/CMakeFiles/CMakeTmp

Run Build Command:"/usr/bin/make" "cmTC_e8d30/fast"
/usr/bin/make -f CMakeFiles/cmTC_e8d30.dir/build.make CMakeFiles/cmTC_e8d30.dir/build
make[1]: Entering directory '/home/mwc/Documents/Code/MatchingAlgorithm/pub_sub_system/Siena/CMakeFiles/CMakeTmp'
Building C object CMakeFiles/cmTC_e8d30.dir/CheckSymbolExists.c.o
/usr/bin/cc     -o CMakeFiles/cmTC_e8d30.dir/CheckSymbolExists.c.o   -c /home/mwc/Documents/Code/MatchingAlgorithm/pub_sub_system/Siena/CMakeFiles/CMakeTmp/CheckSymbolExists.c
Linking C executable cmTC_e8d30
/usr/bin/cmake -E cmake_link_script CMakeFiles/cmTC_e8d30.dir/link.txt --verbose=1
/usr/bin/cc       CMakeFiles/cmTC_e8d30.dir/CheckSymbolExists.c.o  -o cmTC_e8d30 
CMakeFiles/cmTC_e8d30.dir/CheckSymbolExists.c.o: In function `main':
CheckSymbolExists.c:(.text+0x16): undefined reference to `pthread_create'
collect2: error: ld returned 1 exit status
CMakeFiles/cmTC_e8d30.dir/build.make:97: recipe for target 'cmTC_e8d30' failed
make[1]: *** [cmTC_e8d30] Error 1
make[1]: Leaving directory '/home/mwc/Documents/Code/MatchingAlgorithm/pub_sub_system/Siena/CMakeFiles/CMakeTmp'
Makefile:126: recipe for target 'cmTC_e8d30/fast' failed
make: *** [cmTC_e8d30/fast] Error 2

File /home/mwc/Documents/Code/MatchingAlgorithm/pub_sub_system/Siena/CMakeFiles/CMakeTmp/CheckSymbolExists.c:
/* */
#include <pthread.h>

int main(int argc, char** argv)
{
  (void)argv;
#ifndef pthread_create
  return ((int*)(&pthread_create))[argc];
#else
  (void)argc;
  return 0;
#endif
}

Determining if the function pthread_create exists in the pthreads failed with the following output:
Change Dir: /home/mwc/Documents/Code/MatchingAlgorithm/pub_sub_system/Siena/CMakeFiles/CMakeTmp

Run Build Command:"/usr/bin/make" "cmTC_6686e/fast"
/usr/bin/make -f CMakeFiles/cmTC_6686e.dir/build.make CMakeFiles/cmTC_6686e.dir/build
make[1]: Entering directory '/home/mwc/Documents/Code/MatchingAlgorithm/pub_sub_system/Siena/CMakeFiles/CMakeTmp'
Building C object CMakeFiles/cmTC_6686e.dir/CheckFunctionExists.c.o
/usr/bin/cc    -DCHECK_FUNCTION_EXISTS=pthread_create   -o CMakeFiles/cmTC_6686e.dir/CheckFunctionExists.c.o   -c /usr/share/cmake-3.5/Modules/CheckFunctionExists.c
Linking C executable cmTC_6686e
/usr/bin/cmake -E cmake_link_script CMakeFiles/cmTC_6686e.dir/link.txt --verbose=1
/usr/bin/cc   -DCHECK_FUNCTION_EXISTS=pthread_create    CMakeFiles/cmTC_6686e.dir/CheckFunctionExists.c.o  -o cmTC_6686e -lpthreads 
/usr/bin/ld: cannot find -lpthreads
collect2: error: ld returned 1 exit status
CMakeFiles/cmTC_6686e.dir/build.make:97: recipe for target 'cmTC_6686e' failed
make[1]: *** [cmTC_6686e] Error 1
make[1]: Leaving directory '/home/mwc/Documents/Code/MatchingAlgorithm/pub_sub_system/Siena/CMakeFiles/CMakeTmp'
Makefile:126: recipe for target 'cmTC_6686e/fast' failed
make: *** [cmTC_6686e/fast] Error 2


